C:\USERS\WUXF\DOCUMENTS\VISUAL STUDIO 2012\PROJECTS\FACE\FACE\DEBUG\AAM_BASIC.OBJ
C:\USERS\WUXF\DOCUMENTS\VISUAL STUDIO 2012\PROJECTS\FACE\FACE\DEBUG\AAM_CAM.OBJ
C:\USERS\WUXF\DOCUMENTS\VISUAL STUDIO 2012\PROJECTS\FACE\FACE\DEBUG\AAM_IC.OBJ
C:\USERS\WUXF\DOCUMENTS\VISUAL STUDIO 2012\PROJECTS\FACE\FACE\DEBUG\AAM_PAW.OBJ
C:\USERS\WUXF\DOCUMENTS\VISUAL STUDIO 2012\PROJECTS\FACE\FACE\DEBUG\AAM_PDM.OBJ
C:\USERS\WUXF\DOCUMENTS\VISUAL STUDIO 2012\PROJECTS\FACE\FACE\DEBUG\AAM_SHAPE.OBJ
C:\USERS\WUXF\DOCUMENTS\VISUAL STUDIO 2012\PROJECTS\FACE\FACE\DEBUG\AAM_TDM.OBJ
C:\USERS\WUXF\DOCUMENTS\VISUAL STUDIO 2012\PROJECTS\FACE\FACE\DEBUG\AAM_UTIL.OBJ
C:\USERS\WUXF\DOCUMENTS\VISUAL STUDIO 2012\PROJECTS\FACE\FACE\DEBUG\AAM_VJFACEDETECT.OBJ
C:\USERS\WUXF\DOCUMENTS\VISUAL STUDIO 2012\PROJECTS\FACE\FACE\DEBUG\FACEPREDICT.OBJ
C:\USERS\WUXF\DOCUMENTS\VISUAL STUDIO 2012\PROJECTS\FACE\FACE\DEBUG\FIT.OBJ
C:\USERS\WUXF\DOCUMENTS\VISUAL STUDIO 2012\PROJECTS\FACE\FACE\DEBUG\TRAIN.OBJ
C:\USERS\WUXF\DOCUMENTS\VISUAL STUDIO 2012\PROJECTS\FACE\FACE\DEBUG\VC110.PDB
C:\USERS\WUXF\DOCUMENTS\VISUAL STUDIO 2012\PROJECTS\FACE\DEBUG\FACE.ILK
C:\USERS\WUXF\DOCUMENTS\VISUAL STUDIO 2012\PROJECTS\FACE\DEBUG\FACE.EXE
C:\USERS\WUXF\DOCUMENTS\VISUAL STUDIO 2012\PROJECTS\FACE\DEBUG\FACE.PDB
C:\Users\wuxf\documents\visual studio 2012\Projects\face\face\Debug\AAM_Basic.obj
C:\Users\wuxf\documents\visual studio 2012\Projects\face\face\Debug\AAM_CAM.obj
C:\Users\wuxf\documents\visual studio 2012\Projects\face\face\Debug\AAM_IC.obj
C:\Users\wuxf\documents\visual studio 2012\Projects\face\face\Debug\AAM_PAW.obj
C:\Users\wuxf\documents\visual studio 2012\Projects\face\face\Debug\AAM_PDM.obj
C:\Users\wuxf\documents\visual studio 2012\Projects\face\face\Debug\AAM_Shape.obj
C:\Users\wuxf\documents\visual studio 2012\Projects\face\face\Debug\AAM_TDM.obj
C:\Users\wuxf\documents\visual studio 2012\Projects\face\face\Debug\AAM_Util.obj
C:\Users\wuxf\documents\visual studio 2012\Projects\face\face\Debug\AAM_VJFaceDetect.obj
C:\Users\wuxf\documents\visual studio 2012\Projects\face\face\Debug\FacePredict.obj
C:\Users\wuxf\documents\visual studio 2012\Projects\face\face\Debug\fit.obj
C:\Users\wuxf\documents\visual studio 2012\Projects\face\face\Debug\train.obj
C:\Users\wuxf\documents\visual studio 2012\Projects\face\face\Debug\cl.command.1.tlog
C:\Users\wuxf\documents\visual studio 2012\Projects\face\face\Debug\CL.read.1.tlog
C:\Users\wuxf\documents\visual studio 2012\Projects\face\face\Debug\CL.write.1.tlog
C:\Users\wuxf\documents\visual studio 2012\Projects\face\face\Debug\link-cvtres.read.1.tlog
C:\Users\wuxf\documents\visual studio 2012\Projects\face\face\Debug\link-cvtres.write.1.tlog
C:\Users\wuxf\documents\visual studio 2012\Projects\face\face\Debug\link-rc.read.1.tlog
C:\Users\wuxf\documents\visual studio 2012\Projects\face\face\Debug\link-rc.write.1.tlog
C:\Users\wuxf\documents\visual studio 2012\Projects\face\face\Debug\link.command.1.tlog
C:\Users\wuxf\documents\visual studio 2012\Projects\face\face\Debug\link.read.1.tlog
C:\Users\wuxf\documents\visual studio 2012\Projects\face\face\Debug\link.write.1.tlog
C:\Users\wuxf\documents\visual studio 2012\Projects\face\face\Debug\vc110.idb
C:\Users\wuxf\documents\visual studio 2012\Projects\face\face\Debug\vc110.pdb
C:\Users\wuxf\documents\visual studio 2012\Projects\face\Debug\face.pdb
C:\Users\wuxf\documents\visual studio 2012\Projects\face\Debug\face.exe
C:\Users\wuxf\documents\visual studio 2012\Projects\face\Debug\face.ilk
