Build started 6/10/2014 10:04:11 PM.
     1>Project "c:\Users\wuxf\documents\visual studio 2012\Projects\face\face\face.vcxproj" on node 2 (Build target(s)).
     1>ClCompile:
         C:\Program Files (x86)\Microsoft Visual Studio 11.0\VC\bin\CL.exe /c /ZI /nologo /W3 /WX- /sdl /Od /Oy- /D _MBCS /Gm /EHsc /RTC1 /MDd /GS /fp:precise /Zc:wchar_t /Zc:forScope /Fo"Debug\\" /Fd"Debug\vc110.pdb" /Gd /TP /analyze- /errorReport:prompt src\AAM_Basic.cpp src\AAM_CAM.cpp src\AAM_IC.cpp src\AAM_PAW.cpp src\AAM_PDM.cpp src\AAM_Shape.cpp src\AAM_TDM.cpp src\AAM_Util.cpp src\AAM_VJFaceDetect.cpp src\FacePredict.cpp src\fit.cpp src\train.cpp
         train.cpp
     1>c:\opencv\build\include\opencv2\flann\result_set.h(306): warning C4003: not enough actual parameters for macro 'max'
     1>c:\opencv\build\include\opencv2\flann\result_set.h(428): warning C4003: not enough actual parameters for macro 'max'
     1>c:\opencv\build\include\opencv2\flann\logger.h(66): error C4996: 'fopen': This function or variable may be unsafe. Consider using fopen_s instead. To disable deprecation, use _CRT_SECURE_NO_WARNINGS. See online help for details.
                 c:\program files (x86)\microsoft visual studio 11.0\vc\include\stdio.h(218) : see declaration of 'fopen'
     1>c:\opencv\build\include\opencv2\flann\lsh_index.h(203): warning C4003: not enough actual parameters for macro 'max'
     1>c:\opencv\build\include\opencv2\flann\lsh_index.h(269): warning C4003: not enough actual parameters for macro 'max'
     1>c:\opencv\build\include\opencv2\objdetect\objdetect.hpp(338): error C2589: '(' : illegal token on right side of '::'
     1>c:\opencv\build\include\opencv2\objdetect\objdetect.hpp(338): error C2059: syntax error : '::'
     1>c:\users\wuxf\documents\visual studio 2012\projects\face\face\src\train.cpp(59): warning C4018: '<' : signed/unsigned mismatch
     1>c:\users\wuxf\documents\visual studio 2012\projects\face\face\src\train.cpp(80): warning C4018: '<' : signed/unsigned mismatch
     1>c:\users\wuxf\documents\visual studio 2012\projects\face\face\src\train.cpp(146): warning C4018: '<' : signed/unsigned mismatch
         fit.cpp
     1>c:\opencv\build\include\opencv2\flann\result_set.h(306): warning C4003: not enough actual parameters for macro 'max'
     1>c:\opencv\build\include\opencv2\flann\result_set.h(428): warning C4003: not enough actual parameters for macro 'max'
     1>c:\opencv\build\include\opencv2\flann\logger.h(66): error C4996: 'fopen': This function or variable may be unsafe. Consider using fopen_s instead. To disable deprecation, use _CRT_SECURE_NO_WARNINGS. See online help for details.
                 c:\program files (x86)\microsoft visual studio 11.0\vc\include\stdio.h(218) : see declaration of 'fopen'
     1>c:\opencv\build\include\opencv2\flann\lsh_index.h(203): warning C4003: not enough actual parameters for macro 'max'
     1>c:\opencv\build\include\opencv2\flann\lsh_index.h(269): warning C4003: not enough actual parameters for macro 'max'
     1>c:\opencv\build\include\opencv2\objdetect\objdetect.hpp(338): error C2589: '(' : illegal token on right side of '::'
     1>c:\opencv\build\include\opencv2\objdetect\objdetect.hpp(338): error C2059: syntax error : '::'
     1>c:\users\wuxf\documents\visual studio 2012\projects\face\face\src\fit.cpp(131): warning C4244: 'argument' : conversion from 'const double' to 'int', possible loss of data
     1>c:\users\wuxf\documents\visual studio 2012\projects\face\face\src\fit.cpp(137): warning C4244: '=' : conversion from 'const double' to 'int', possible loss of data
     1>c:\users\wuxf\documents\visual studio 2012\projects\face\face\src\fit.cpp(138): warning C4244: '=' : conversion from 'const double' to 'int', possible loss of data
     1>c:\users\wuxf\documents\visual studio 2012\projects\face\face\src\fit.cpp(156): warning C4244: '=' : conversion from 'const double' to 'float', possible loss of data
     1>c:\users\wuxf\documents\visual studio 2012\projects\face\face\src\fit.cpp(157): warning C4244: '=' : conversion from 'const double' to 'float', possible loss of data
         FacePredict.cpp
     1>c:\opencv\build\include\opencv2\flann\logger.h(66): error C4996: 'fopen': This function or variable may be unsafe. Consider using fopen_s instead. To disable deprecation, use _CRT_SECURE_NO_WARNINGS. See online help for details.
                 c:\program files (x86)\microsoft visual studio 11.0\vc\include\stdio.h(218) : see declaration of 'fopen'
     1>c:\users\wuxf\documents\visual studio 2012\projects\face\face\src\facepredict.cpp(168): warning C4244: 'argument' : conversion from 'const double' to 'int', possible loss of data
     1>c:\users\wuxf\documents\visual studio 2012\projects\face\face\src\facepredict.cpp(299): warning C4244: 'argument' : conversion from 'const double' to 'int', possible loss of data
     1>c:\users\wuxf\documents\visual studio 2012\projects\face\face\src\facepredict.cpp(337): warning C4244: '=' : conversion from 'const double' to 'int', possible loss of data
     1>c:\users\wuxf\documents\visual studio 2012\projects\face\face\src\facepredict.cpp(338): warning C4244: '=' : conversion from 'const double' to 'int', possible loss of data
     1>c:\users\wuxf\documents\visual studio 2012\projects\face\face\src\facepredict.cpp(354): warning C4244: '=' : conversion from 'const double' to 'int', possible loss of data
     1>c:\users\wuxf\documents\visual studio 2012\projects\face\face\src\facepredict.cpp(356): warning C4244: '=' : conversion from 'const double' to 'int', possible loss of data
     1>c:\users\wuxf\documents\visual studio 2012\projects\face\face\src\facepredict.cpp(361): warning C4244: '=' : conversion from 'double' to 'byte', possible loss of data
     1>c:\users\wuxf\documents\visual studio 2012\projects\face\face\src\facepredict.cpp(362): warning C4244: '=' : conversion from 'double' to 'byte', possible loss of data
     1>c:\users\wuxf\documents\visual studio 2012\projects\face\face\src\facepredict.cpp(363): warning C4244: '=' : conversion from 'double' to 'byte', possible loss of data
         AAM_VJFaceDetect.cpp
     1>c:\opencv\build\include\opencv2\flann\logger.h(66): error C4996: 'fopen': This function or variable may be unsafe. Consider using fopen_s instead. To disable deprecation, use _CRT_SECURE_NO_WARNINGS. See online help for details.
                 c:\program files (x86)\microsoft visual studio 11.0\vc\include\stdio.h(218) : see declaration of 'fopen'
     1>c:\users\wuxf\documents\visual studio 2012\projects\face\face\src\aam_vjfacedetect.cpp(98): warning C4244: '=' : conversion from 'double' to 'float', possible loss of data
     1>c:\users\wuxf\documents\visual studio 2012\projects\face\face\src\aam_vjfacedetect.cpp(99): warning C4244: '=' : conversion from 'double' to 'float', possible loss of data
     1>c:\users\wuxf\documents\visual studio 2012\projects\face\face\src\aam_vjfacedetect.cpp(100): warning C4244: '=' : conversion from 'double' to 'float', possible loss of data
     1>c:\users\wuxf\documents\visual studio 2012\projects\face\face\src\aam_vjfacedetect.cpp(101): warning C4244: '=' : conversion from 'double' to 'float', possible loss of data
     1>c:\users\wuxf\documents\visual studio 2012\projects\face\face\src\aam_vjfacedetect.cpp(128): warning C4244: '=' : conversion from 'double' to 'float', possible loss of data
     1>c:\users\wuxf\documents\visual studio 2012\projects\face\face\src\aam_vjfacedetect.cpp(129): warning C4244: '=' : conversion from 'double' to 'float', possible loss of data
     1>c:\users\wuxf\documents\visual studio 2012\projects\face\face\src\aam_vjfacedetect.cpp(130): warning C4244: '=' : conversion from 'double' to 'float', possible loss of data
     1>c:\users\wuxf\documents\visual studio 2012\projects\face\face\src\aam_vjfacedetect.cpp(131): warning C4244: '=' : conversion from 'double' to 'float', possible loss of data
     1>c:\users\wuxf\documents\visual studio 2012\projects\face\face\src\aam_vjfacedetect.cpp(142): warning C4244: '=' : conversion from 'const double' to 'float', possible loss of data
     1>c:\users\wuxf\documents\visual studio 2012\projects\face\face\src\aam_vjfacedetect.cpp(143): warning C4244: '=' : conversion from 'double' to 'float', possible loss of data
     1>c:\users\wuxf\documents\visual studio 2012\projects\face\face\src\aam_vjfacedetect.cpp(144): warning C4244: '=' : conversion from 'const double' to 'float', possible loss of data
     1>c:\users\wuxf\documents\visual studio 2012\projects\face\face\src\aam_vjfacedetect.cpp(145): warning C4244: '=' : conversion from 'double' to 'float', possible loss of data
     1>c:\users\wuxf\documents\visual studio 2012\projects\face\face\src\aam_vjfacedetect.cpp(149): warning C4244: '=' : conversion from 'double' to 'float', possible loss of data
     1>c:\users\wuxf\documents\visual studio 2012\projects\face\face\src\aam_vjfacedetect.cpp(151): warning C4244: '=' : conversion from 'double' to 'float', possible loss of data
         AAM_Util.cpp
     1>c:\opencv\build\include\opencv2\flann\logger.h(66): error C4996: 'fopen': This function or variable may be unsafe. Consider using fopen_s instead. To disable deprecation, use _CRT_SECURE_NO_WARNINGS. See online help for details.
                 c:\program files (x86)\microsoft visual studio 11.0\vc\include\stdio.h(218) : see declaration of 'fopen'
         AAM_TDM.cpp
     1>c:\opencv\build\include\opencv2\flann\logger.h(66): error C4996: 'fopen': This function or variable may be unsafe. Consider using fopen_s instead. To disable deprecation, use _CRT_SECURE_NO_WARNINGS. See online help for details.
                 c:\program files (x86)\microsoft visual studio 11.0\vc\include\stdio.h(218) : see declaration of 'fopen'
         AAM_Shape.cpp
     1>c:\opencv\build\include\opencv2\flann\logger.h(66): error C4996: 'fopen': This function or variable may be unsafe. Consider using fopen_s instead. To disable deprecation, use _CRT_SECURE_NO_WARNINGS. See online help for details.
                 c:\program files (x86)\microsoft visual studio 11.0\vc\include\stdio.h(218) : see declaration of 'fopen'
     1>c:\users\wuxf\documents\visual studio 2012\projects\face\face\src\aam_shape.cpp(39): warning C4244: '=' : conversion from 'double' to 'float', possible loss of data
     1>c:\users\wuxf\documents\visual studio 2012\projects\face\face\src\aam_shape.cpp(40): warning C4244: '=' : conversion from 'double' to 'float', possible loss of data
     1>c:\users\wuxf\documents\visual studio 2012\projects\face\face\src\aam_shape.cpp(103): warning C4244: '*=' : conversion from 'double' to 'float', possible loss of data
     1>c:\users\wuxf\documents\visual studio 2012\projects\face\face\src\aam_shape.cpp(104): warning C4244: '*=' : conversion from 'double' to 'float', possible loss of data
     1>c:\users\wuxf\documents\visual studio 2012\projects\face\face\src\aam_shape.cpp(114): warning C4244: '*=' : conversion from 'double' to 'float', possible loss of data
     1>c:\users\wuxf\documents\visual studio 2012\projects\face\face\src\aam_shape.cpp(115): warning C4244: '*=' : conversion from 'double' to 'float', possible loss of data
     1>c:\users\wuxf\documents\visual studio 2012\projects\face\face\src\aam_shape.cpp(142): warning C4244: '/=' : conversion from 'double' to 'float', possible loss of data
     1>c:\users\wuxf\documents\visual studio 2012\projects\face\face\src\aam_shape.cpp(143): warning C4244: '/=' : conversion from 'double' to 'float', possible loss of data
     1>c:\users\wuxf\documents\visual studio 2012\projects\face\face\src\aam_shape.cpp(155): warning C4244: '/=' : conversion from 'double' to 'float', possible loss of data
     1>c:\users\wuxf\documents\visual studio 2012\projects\face\face\src\aam_shape.cpp(156): warning C4244: '/=' : conversion from 'double' to 'float', possible loss of data
     1>c:\users\wuxf\documents\visual studio 2012\projects\face\face\src\aam_shape.cpp(239): warning C4244: '+=' : conversion from 'double' to 'float', possible loss of data
     1>c:\users\wuxf\documents\visual studio 2012\projects\face\face\src\aam_shape.cpp(240): warning C4244: '+=' : conversion from 'double' to 'float', possible loss of data
     1>c:\users\wuxf\documents\visual studio 2012\projects\face\face\src\aam_shape.cpp(251): warning C4244: '*=' : conversion from 'double' to 'float', possible loss of data
     1>c:\users\wuxf\documents\visual studio 2012\projects\face\face\src\aam_shape.cpp(252): warning C4244: '*=' : conversion from 'double' to 'float', possible loss of data
     1>c:\users\wuxf\documents\visual studio 2012\projects\face\face\src\aam_shape.cpp(263): warning C4244: '*=' : conversion from 'double' to 'float', possible loss of data
     1>c:\users\wuxf\documents\visual studio 2012\projects\face\face\src\aam_shape.cpp(264): warning C4244: '*=' : conversion from 'double' to 'float', possible loss of data
     1>c:\users\wuxf\documents\visual studio 2012\projects\face\face\src\aam_shape.cpp(294): warning C4244: '=' : conversion from 'double' to 'float', possible loss of data
     1>c:\users\wuxf\documents\visual studio 2012\projects\face\face\src\aam_shape.cpp(295): warning C4244: '=' : conversion from 'double' to 'float', possible loss of data
     1>c:\users\wuxf\documents\visual studio 2012\projects\face\face\src\aam_shape.cpp(445): warning C4244: '=' : conversion from 'double' to 'float', possible loss of data
     1>c:\users\wuxf\documents\visual studio 2012\projects\face\face\src\aam_shape.cpp(446): warning C4244: '=' : conversion from 'double' to 'float', possible loss of data
     1>c:\users\wuxf\documents\visual studio 2012\projects\face\face\src\aam_shape.cpp(512): warning C4244: '=' : conversion from 'double' to 'float', possible loss of data
     1>c:\users\wuxf\documents\visual studio 2012\projects\face\face\src\aam_shape.cpp(515): warning C4244: '=' : conversion from 'double' to 'float', possible loss of data
     1>c:\users\wuxf\documents\visual studio 2012\projects\face\face\src\aam_shape.cpp(576): warning C4244: 'argument' : conversion from 'float' to 'int', possible loss of data
     1>c:\users\wuxf\documents\visual studio 2012\projects\face\face\src\aam_shape.cpp(578): warning C4244: 'argument' : conversion from 'float' to 'int', possible loss of data
     1>c:\users\wuxf\documents\visual studio 2012\projects\face\face\src\aam_shape.cpp(580): warning C4244: 'argument' : conversion from 'float' to 'int', possible loss of data
     1>c:\users\wuxf\documents\visual studio 2012\projects\face\face\src\aam_shape.cpp(582): warning C4244: 'argument' : conversion from 'float' to 'int', possible loss of data
         AAM_PDM.cpp
     1>c:\opencv\build\include\opencv2\flann\logger.h(66): error C4996: 'fopen': This function or variable may be unsafe. Consider using fopen_s instead. To disable deprecation, use _CRT_SECURE_NO_WARNINGS. See online help for details.
                 c:\program files (x86)\microsoft visual studio 11.0\vc\include\stdio.h(218) : see declaration of 'fopen'
     1>c:\users\wuxf\documents\visual studio 2012\projects\face\face\src\aam_pdm.cpp(169): warning C4018: '<' : signed/unsigned mismatch
         AAM_PAW.cpp
     1>c:\opencv\build\include\opencv2\legacy\blobtrack.hpp(187): error C4996: 'strcpy': This function or variable may be unsafe. Consider using strcpy_s instead. To disable deprecation, use _CRT_SECURE_NO_WARNINGS. See online help for details.
                 c:\program files (x86)\microsoft visual studio 11.0\vc\include\string.h(110) : see declaration of 'strcpy'
     1>c:\users\wuxf\documents\visual studio 2012\projects\face\face\src\aam_paw.cpp(48): warning C4018: '<' : signed/unsigned mismatch
     1>c:\users\wuxf\documents\visual studio 2012\projects\face\face\src\aam_paw.cpp(49): warning C4018: '<' : signed/unsigned mismatch
     1>c:\users\wuxf\documents\visual studio 2012\projects\face\face\src\aam_paw.cpp(50): warning C4018: '<' : signed/unsigned mismatch
     1>c:\users\wuxf\documents\visual studio 2012\projects\face\face\src\aam_paw.cpp(153): warning C4018: '<' : signed/unsigned mismatch
     1>c:\users\wuxf\documents\visual studio 2012\projects\face\face\src\aam_paw.cpp(182): warning C4018: '<' : signed/unsigned mismatch
     1>c:\users\wuxf\documents\visual studio 2012\projects\face\face\src\aam_paw.cpp(199): warning C4018: '<' : signed/unsigned mismatch
     1>c:\users\wuxf\documents\visual studio 2012\projects\face\face\src\aam_paw.cpp(434): warning C4244: '=' : conversion from 'double' to 'byte', possible loss of data
     1>c:\users\wuxf\documents\visual studio 2012\projects\face\face\src\aam_paw.cpp(435): warning C4244: '=' : conversion from 'double' to 'byte', possible loss of data
     1>c:\users\wuxf\documents\visual studio 2012\projects\face\face\src\aam_paw.cpp(436): warning C4244: '=' : conversion from 'double' to 'byte', possible loss of data
     1>c:\users\wuxf\documents\visual studio 2012\projects\face\face\src\aam_paw.cpp(531): warning C4018: '<' : signed/unsigned mismatch
         AAM_IC.cpp
     1>c:\opencv\build\include\opencv2\flann\logger.h(66): error C4996: 'fopen': This function or variable may be unsafe. Consider using fopen_s instead. To disable deprecation, use _CRT_SECURE_NO_WARNINGS. See online help for details.
                 c:\program files (x86)\microsoft visual studio 11.0\vc\include\stdio.h(218) : see declaration of 'fopen'
     1>c:\users\wuxf\documents\visual studio 2012\projects\face\face\src\aam_ic.cpp(521): warning C4244: 'argument' : conversion from 'double' to 'int', possible loss of data
     1>c:\users\wuxf\documents\visual studio 2012\projects\face\face\src\aam_ic.cpp(533): warning C4244: 'argument' : conversion from 'double' to 'int', possible loss of data
     1>c:\users\wuxf\documents\visual studio 2012\projects\face\face\src\aam_ic.cpp(535): warning C4244: 'argument' : conversion from 'double' to 'int', possible loss of data
     1>c:\users\wuxf\documents\visual studio 2012\projects\face\face\src\aam_ic.cpp(537): warning C4244: 'argument' : conversion from 'double' to 'int', possible loss of data
     1>c:\users\wuxf\documents\visual studio 2012\projects\face\face\src\aam_ic.cpp(560): warning C4244: '=' : conversion from 'const double' to 'int', possible loss of data
     1>c:\users\wuxf\documents\visual studio 2012\projects\face\face\src\aam_ic.cpp(561): warning C4244: '=' : conversion from 'const double' to 'int', possible loss of data
     1>c:\users\wuxf\documents\visual studio 2012\projects\face\face\src\aam_ic.cpp(578): warning C4244: '=' : conversion from 'double' to 'int', possible loss of data
     1>c:\users\wuxf\documents\visual studio 2012\projects\face\face\src\aam_ic.cpp(580): warning C4244: '=' : conversion from 'double' to 'int', possible loss of data
     1>c:\users\wuxf\documents\visual studio 2012\projects\face\face\src\aam_ic.cpp(584): warning C4244: '=' : conversion from 'double' to 'byte', possible loss of data
     1>c:\users\wuxf\documents\visual studio 2012\projects\face\face\src\aam_ic.cpp(585): warning C4244: '=' : conversion from 'double' to 'byte', possible loss of data
     1>c:\users\wuxf\documents\visual studio 2012\projects\face\face\src\aam_ic.cpp(586): warning C4244: '=' : conversion from 'double' to 'byte', possible loss of data
         AAM_CAM.cpp
     1>c:\opencv\build\include\opencv2\flann\logger.h(66): error C4996: 'fopen': This function or variable may be unsafe. Consider using fopen_s instead. To disable deprecation, use _CRT_SECURE_NO_WARNINGS. See online help for details.
                 c:\program files (x86)\microsoft visual studio 11.0\vc\include\stdio.h(218) : see declaration of 'fopen'
     1>c:\users\wuxf\documents\visual studio 2012\projects\face\face\src\aam_cam.cpp(266): warning C4244: '=' : conversion from 'const double' to 'int', possible loss of data
     1>c:\users\wuxf\documents\visual studio 2012\projects\face\face\src\aam_cam.cpp(267): warning C4244: '=' : conversion from 'const double' to 'int', possible loss of data
     1>c:\users\wuxf\documents\visual studio 2012\projects\face\face\src\aam_cam.cpp(283): warning C4244: '=' : conversion from 'const double' to 'int', possible loss of data
     1>c:\users\wuxf\documents\visual studio 2012\projects\face\face\src\aam_cam.cpp(285): warning C4244: '=' : conversion from 'const double' to 'int', possible loss of data
     1>c:\users\wuxf\documents\visual studio 2012\projects\face\face\src\aam_cam.cpp(290): warning C4244: '=' : conversion from 'double' to 'byte', possible loss of data
     1>c:\users\wuxf\documents\visual studio 2012\projects\face\face\src\aam_cam.cpp(291): warning C4244: '=' : conversion from 'double' to 'byte', possible loss of data
     1>c:\users\wuxf\documents\visual studio 2012\projects\face\face\src\aam_cam.cpp(292): warning C4244: '=' : conversion from 'double' to 'byte', possible loss of data
     1>c:\users\wuxf\documents\visual studio 2012\projects\face\face\src\aam_cam.cpp(384): warning C4244: 'initializing' : conversion from 'const double' to 'int', possible loss of data
         AAM_Basic.cpp
     1>c:\opencv\build\include\opencv2\flann\logger.h(66): error C4996: 'fopen': This function or variable may be unsafe. Consider using fopen_s instead. To disable deprecation, use _CRT_SECURE_NO_WARNINGS. See online help for details.
                 c:\program files (x86)\microsoft visual studio 11.0\vc\include\stdio.h(218) : see declaration of 'fopen'
     1>c:\users\wuxf\documents\visual studio 2012\projects\face\face\src\aam_basic.cpp(146): warning C4018: '<' : signed/unsigned mismatch
     1>c:\users\wuxf\documents\visual studio 2012\projects\face\face\src\aam_basic.cpp(267): warning C4018: '<' : signed/unsigned mismatch
     1>c:\users\wuxf\documents\visual studio 2012\projects\face\face\src\aam_basic.cpp(288): warning C4018: '<' : signed/unsigned mismatch
     1>c:\users\wuxf\documents\visual studio 2012\projects\face\face\src\aam_basic.cpp(382): warning C4018: '<' : signed/unsigned mismatch
     1>c:\users\wuxf\documents\visual studio 2012\projects\face\face\src\aam_basic.cpp(476): warning C4018: '<' : signed/unsigned mismatch
     1>c:\users\wuxf\documents\visual studio 2012\projects\face\face\src\aam_basic.cpp(485): warning C4244: 'initializing' : conversion from 'const double' to 'int', possible loss of data
     1>c:\users\wuxf\documents\visual studio 2012\projects\face\face\src\aam_basic.cpp(486): warning C4244: 'initializing' : conversion from 'const double' to 'int', possible loss of data
     1>c:\users\wuxf\documents\visual studio 2012\projects\face\face\src\aam_basic.cpp(632): warning C4244: 'argument' : conversion from 'double' to 'int', possible loss of data
     1>c:\users\wuxf\documents\visual studio 2012\projects\face\face\src\aam_basic.cpp(646): warning C4244: 'argument' : conversion from 'double' to 'int', possible loss of data
     1>c:\users\wuxf\documents\visual studio 2012\projects\face\face\src\aam_basic.cpp(648): warning C4244: 'argument' : conversion from 'double' to 'int', possible loss of data
     1>c:\users\wuxf\documents\visual studio 2012\projects\face\face\src\aam_basic.cpp(650): warning C4244: 'argument' : conversion from 'double' to 'int', possible loss of data
     1>c:\users\wuxf\documents\visual studio 2012\projects\face\face\src\aam_basic.cpp(674): warning C4244: '=' : conversion from 'const double' to 'int', possible loss of data
     1>c:\users\wuxf\documents\visual studio 2012\projects\face\face\src\aam_basic.cpp(675): warning C4244: '=' : conversion from 'const double' to 'int', possible loss of data
     1>c:\users\wuxf\documents\visual studio 2012\projects\face\face\src\aam_basic.cpp(692): warning C4244: '=' : conversion from 'double' to 'int', possible loss of data
     1>c:\users\wuxf\documents\visual studio 2012\projects\face\face\src\aam_basic.cpp(694): warning C4244: '=' : conversion from 'double' to 'int', possible loss of data
     1>c:\users\wuxf\documents\visual studio 2012\projects\face\face\src\aam_basic.cpp(698): warning C4244: '=' : conversion from 'double' to 'byte', possible loss of data
     1>c:\users\wuxf\documents\visual studio 2012\projects\face\face\src\aam_basic.cpp(699): warning C4244: '=' : conversion from 'double' to 'byte', possible loss of data
     1>c:\users\wuxf\documents\visual studio 2012\projects\face\face\src\aam_basic.cpp(700): warning C4244: '=' : conversion from 'double' to 'byte', possible loss of data
         Generating Code...
     1>Done Building Project "c:\Users\wuxf\documents\visual studio 2012\Projects\face\face\face.vcxproj" (Build target(s)) -- FAILED.

Build FAILED.

Time Elapsed 00:00:21.47
